{"level":"error","msg":"service-admin-articles-GetListForMysql-error1:Error 1054: Unknown column 'articleID' in 'field list'","time":"2020-03-06T00:00:36+08:00"}
{"level":"error","msg":"service-admin-articles-GetListForMysql-error1:Error 1054: Unknown column 'articleID' in 'field list'","time":"2020-03-06T00:04:47+08:00"}
{"level":"error","msg":"service-admin-articles-GetListForMysql-error1:Error 1054: Unknown column 'catrID' in 'field list'","time":"2020-03-06T00:17:14+08:00"}
{"level":"error","msg":"service-admin-articles-GetListForMysql-error1:Error 1054: Unknown column 'catrID' in 'field list'","time":"2020-03-06T00:17:15+08:00"}
{"level":"error","msg":"service-admin-articles-GetListForMysql-error1:Error 1054: Unknown column 'catrID' in 'field list'","time":"2020-03-06T00:17:35+08:00"}
{"level":"error","msg":"service-admin-articles-GetArticleDetail-error2:record not found","time":"2020-03-06T12:26:40+08:00"}
{"level":"error","msg":"service-admin-articles-GetArticleDetail-error2:record not found","time":"2020-03-06T12:30:51+08:00"}
{"level":"error","msg":"service-admin-articles-GetArticleDetail-error1:record not found","time":"2020-03-06T12:33:20+08:00"}
{"level":"error","msg":"service-admin-articles-GetArticleDetail-error1:record not found","time":"2020-03-06T12:36:18+08:00"}
{"level":"error","msg":"service-admin-articles-GetArticleDetail-error1:record not found","time":"2020-03-06T12:46:15+08:00"}
{"level":"error","msg":"service-admin-articles-GetArticleCate-error1:Error 1146: Table 'XGBlog.mb_articles_cates' doesn't exist","time":"2020-03-06T12:50:50+08:00"}
{"level":"error","msg":"service-admin-articles-GetArticleCate-error1:Error 1146: Table 'XGBlog.mb_articles_cates' doesn't exist","time":"2020-03-06T12:54:15+08:00"}
{"level":"error","msg":"service-admin-articles-GetArticleCate-error1:Error 1146: Table 'XGBlog.mb_articles_cates' doesn't exist","time":"2020-03-06T12:55:17+08:00"}
{"level":"error","msg":"service-admin-articles-GetArticleCate-error1:Error 1146: Table 'XGBlog.mb_articles_cates' doesn't exist","time":"2020-03-06T12:56:31+08:00"}
{"level":"error","msg":"service-admin-articles-GetArticleCate-error1:sql: Scan error on column index 8, name \"createTime\": unsupported Scan, storing driver.Value type []uint8 into type *time.Time; sql: Scan error on column index 8, name \"createTime\": unsupported Scan, storing driver.Value type []uint8 into type *time.Time; sql: Scan error on column index 8, name \"createTime\": unsupported Scan, storing driver.Value type []uint8 into type *time.Time; sql: Scan error on column index 8, name \"createTime\": unsupported Scan, storing driver.Value type []uint8 into type *time.Time; sql: Scan error on column index 8, name \"createTime\": unsupported Scan, storing driver.Value type []uint8 into type *time.Time; sql: Scan error on column index 8, name \"createTime\": unsupported Scan, storing driver.Value type []uint8 into type *time.Time","time":"2020-03-06T12:57:54+08:00"}
{"level":"error","msg":"service-admin-articles-GetArticleCate-error1:sql: Scan error on column index 8, name \"createTime\": unsupported Scan, storing driver.Value type []uint8 into type *time.Time; sql: Scan error on column index 8, name \"createTime\": unsupported Scan, storing driver.Value type []uint8 into type *time.Time; sql: Scan error on column index 8, name \"createTime\": unsupported Scan, storing driver.Value type []uint8 into type *time.Time; sql: Scan error on column index 8, name \"createTime\": unsupported Scan, storing driver.Value type []uint8 into type *time.Time; sql: Scan error on column index 8, name \"createTime\": unsupported Scan, storing driver.Value type []uint8 into type *time.Time; sql: Scan error on column index 8, name \"createTime\": unsupported Scan, storing driver.Value type []uint8 into type *time.Time","time":"2020-03-06T13:03:01+08:00"}
{"level":"error","msg":"ctrller-admin-login-Login-error1:EOF","time":"2020-03-06T13:17:51+08:00"}
{"level":"error","msg":"ctrller-admin-login-Login-error1:EOF","time":"2020-03-06T13:18:39+08:00"}
{"level":"error","msg":"ctrller-admin-login-Login-error1:EOF","time":"2020-03-06T13:18:41+08:00"}
{"level":"error","msg":"ctrller-admin-login-Login-error1:invalid character 'U' looking for beginning of value","time":"2020-03-06T13:19:12+08:00"}
{"level":"error","msg":"ctrller-admin-login-Login-error1:invalid character 'U' looking for beginning of value","time":"2020-03-06T13:20:13+08:00"}
{"level":"error","msg":"ctrller-admin-login-Login-error1:invalid character 'U' looking for beginning of value","time":"2020-03-06T13:21:28+08:00"}
{"level":"error","msg":"ctrller-admin-login-Login-error1:invalid character 'U' looking for beginning of value","time":"2020-03-06T13:22:26+08:00"}
{"level":"error","msg":"ctrller-admin-login-Login-error1:invalid character 'U' looking for beginning of value","time":"2020-03-06T13:22:34+08:00"}
{"level":"error","msg":"ctrller-admin-login-Login-error1:invalid character 'U' looking for beginning of value","time":"2020-03-06T13:22:40+08:00"}
{"level":"error","msg":"ctrller-admin-login-Login-error1:invalid character '-' in numeric literal","time":"2020-03-06T13:23:25+08:00"}
{"level":"error","msg":"ctrller-admin-login-Login-error1:invalid character 'U' looking for beginning of value","time":"2020-03-06T13:24:17+08:00"}
{"level":"error","msg":"ctrller-admin-login-Login-error1:invalid character 'u' looking for beginning of value","time":"2020-03-06T13:24:28+08:00"}
{"level":"error","msg":"ctrller-admin-login-Login-error1:invalid character 'u' looking for beginning of value","time":"2020-03-06T13:26:16+08:00"}
{"level":"error","msg":"ctrller-admin-login-Login-error1:invalid character 'u' looking for beginning of value","time":"2020-03-06T13:26:21+08:00"}
{"level":"error","msg":"ctrller-admin-login-Login-error1:invalid character 'u' looking for beginning of value","time":"2020-03-06T13:29:59+08:00"}
{"level":"error","msg":"ctrller-admin-login-Login-error1:invalid character 'u' looking for beginning of value","time":"2020-03-06T13:30:07+08:00"}
{"level":"error","msg":"ctrller-admin-login-Login-error1:invalid character 'u' looking for beginning of value","time":"2020-03-06T13:32:03+08:00"}
{"level":"error","msg":"ctrller-admin-login-Login-error1:invalid character 'u' looking for beginning of value","time":"2020-03-06T13:32:24+08:00"}
{"level":"error","msg":"ctrller-admin-login-Login-error1:invalid character 'u' looking for beginning of value","time":"2020-03-06T13:36:02+08:00"}
{"level":"error","msg":"ctrller-admin-login-Login-error1:invalid character 'u' looking for beginning of value","time":"2020-03-06T13:38:06+08:00"}
{"level":"error","msg":"ctrller-admin-login-Login-error1:invalid character 'u' looking for beginning of value","time":"2020-03-06T13:39:25+08:00"}
{"level":"error","msg":"ctrller-admin-login-Login-error1:invalid character 'u' looking for beginning of value","time":"2020-03-06T13:39:56+08:00"}
{"level":"error","msg":"ctrller-admin-login-Login-error1:invalid character 'u' looking for beginning of value","time":"2020-03-06T13:48:59+08:00"}
{"level":"error","msg":"ctrller-admin-login-Login-error1:invalid character 'u' looking for beginning of value","time":"2020-03-06T13:50:54+08:00"}
{"level":"error","msg":"ctrller-admin-login-Login-error1:EOF","time":"2020-03-06T13:51:43+08:00"}
{"level":"error","msg":"ctrller-admin-login-Login-error1:EOF","time":"2020-03-06T13:52:05+08:00"}
{"level":"error","msg":"ctrller-admin-login-Login-error1:EOF","time":"2020-03-06T13:53:06+08:00"}
{"level":"error","msg":"ctrller-admin-login-Login-error1:EOF","time":"2020-03-06T13:53:32+08:00"}
{"level":"error","msg":"ctrller-admin-login-Login-error1:EOF","time":"2020-03-06T13:53:32+08:00"}
{"level":"error","msg":"service-admin-login-Login-error1:illegal base32 data at input byte 8","time":"2020-03-06T14:01:00+08:00"}
{"level":"error","msg":"service-admin-login-Login-error1:illegal base32 data at input byte 8","time":"2020-03-06T14:01:03+08:00"}
{"level":"error","msg":"ctrller-admin-login-Login-error1:EOF","time":"2020-03-06T14:02:57+08:00"}
{"level":"error","msg":"ctrller-admin-login-Login-error1:EOF","time":"2020-03-06T14:25:44+08:00"}
{"level":"error","msg":"ctrller-admin-login-Login-error1:EOF","time":"2020-03-06T14:32:54+08:00"}
{"level":"error","msg":"ctrller-admin-login-Login-error1:EOF","time":"2020-03-06T14:43:21+08:00"}
{"level":"error","msg":"ctrller-admin-login-Login-error1:EOF","time":"2020-03-06T14:43:31+08:00"}
{"level":"error","msg":"ctrller-admin-login-Login-error1:EOF","time":"2020-03-06T14:44:39+08:00"}
{"level":"error","msg":"ctrller-admin-login-Login-error1:EOF","time":"2020-03-06T14:44:46+08:00"}
{"level":"error","msg":"ctrller-admin-login-Login-error1:EOF","time":"2020-03-06T14:45:08+08:00"}
{"level":"error","msg":"ctrller-admin-login-Login-error2:strconv.Atoi: parsing \"\": invalid syntax","time":"2020-03-06T14:47:14+08:00"}
{"level":"error","msg":"ctrller-admin-login-Login-error2:strconv.Atoi: parsing \"\": invalid syntax","time":"2020-03-06T14:47:32+08:00"}
{"level":"error","msg":"ctrller-admin-login-Login-error2:strconv.Atoi: parsing \"\": invalid syntax","time":"2020-03-06T14:47:41+08:00"}
{"level":"error","msg":"ctrller-admin-login-Login-error2:strconv.Atoi: parsing \"\": invalid syntax","time":"2020-03-06T14:48:04+08:00"}
{"level":"error","msg":"service-admin-login-Login-error1:illegal base32 data at input byte 8","time":"2020-03-06T14:48:28+08:00"}
{"level":"error","msg":"ctrller-admin-login-Login-error1:EOF","time":"2020-03-06T14:49:50+08:00"}
{"level":"error","msg":"ctrller-admin-login-Login-error1:EOF","time":"2020-03-06T14:50:18+08:00"}
{"level":"error","msg":"ctrller-admin-login-Login-error1:EOF","time":"2020-03-06T14:50:33+08:00"}
{"level":"error","msg":"ctrller-admin-login-Login-error1:EOF","time":"2020-03-06T14:50:57+08:00"}
{"level":"error","msg":"ctrller-admin-login-Login-error1:EOF","time":"2020-03-06T14:51:13+08:00"}
{"level":"error","msg":"ctrller-admin-login-Login-error1:EOF","time":"2020-03-06T14:51:22+08:00"}
{"level":"error","msg":"ctrller-admin-login-Login-error1:EOF","time":"2020-03-06T15:03:12+08:00"}
{"level":"error","msg":"ctrller-admin-login-Login-error1:EOF","time":"2020-03-06T15:03:21+08:00"}
{"level":"error","msg":"ctrller-admin-login-Login-error1:EOF","time":"2020-03-06T15:04:12+08:00"}
{"level":"error","msg":"ctrller-admin-login-Login-error1:EOF","time":"2020-03-06T15:04:15+08:00"}
{"level":"error","msg":"ctrller-admin-login-Login-error1:EOF","time":"2020-03-06T15:05:52+08:00"}
{"level":"error","msg":"ctrller-admin-login-Login-error1:EOF","time":"2020-03-06T15:06:12+08:00"}
{"level":"error","msg":"ctrller-admin-login-Login-error1:EOF","time":"2020-03-06T15:06:14+08:00"}
{"level":"error","msg":"ctrller-admin-login-Login-error1:EOF","time":"2020-03-06T15:06:15+08:00"}
{"level":"error","msg":"ctrller-admin-login-Login-error1:EOF","time":"2020-03-06T15:06:16+08:00"}
{"level":"error","msg":"ctrller-admin-login-Login-error1:EOF","time":"2020-03-06T15:06:19+08:00"}
{"level":"error","msg":"ctrller-admin-login-Login-error1:EOF","time":"2020-03-06T15:06:42+08:00"}
{"level":"error","msg":"ctrller-admin-login-Login-error1:EOF","time":"2020-03-06T15:07:09+08:00"}
{"level":"error","msg":"service-admin-login-Login-error1:illegal base32 data at input byte 8","time":"2020-03-06T15:07:26+08:00"}
{"level":"error","msg":"ctrller-admin-login-Login-error1:EOF","time":"2020-03-06T15:09:16+08:00"}
{"level":"error","msg":"ctrller-admin-login-Login-error1:EOF","time":"2020-03-06T15:11:45+08:00"}
{"level":"error","msg":"ctrller-admin-login-Login-error1:EOF","time":"2020-03-06T15:12:03+08:00"}
{"level":"error","msg":"ctrller-admin-login-Login-error1:EOF","time":"2020-03-06T15:12:28+08:00"}
{"level":"error","msg":"service-admin-login-Login-error1:illegal base32 data at input byte 8","time":"2020-03-06T15:14:05+08:00"}
{"level":"error","msg":"ctrller-admin-login-Login-error1:EOF","time":"2020-03-06T15:18:33+08:00"}
{"level":"error","msg":"service-admin-login-Login-error1:illegal base32 data at input byte 8","time":"2020-03-06T15:18:37+08:00"}
{"level":"error","msg":"service-admin-login-Login-error1:illegal base32 data at input byte 8","time":"2020-03-06T15:22:04+08:00"}
{"level":"error","msg":"service-admin-login-Login-error1:illegal base32 data at input byte 8","time":"2020-03-06T15:22:53+08:00"}
{"level":"error","msg":"service-admin-articles-GetList-error1:Error 1054: Unknown column 'op_user' in 'field list'","time":"2020-03-06T16:24:53+08:00"}
{"level":"error","msg":"service-admin-articles-GetList-error1:Error 1054: Unknown column 'op_user' in 'field list'","time":"2020-03-06T16:26:31+08:00"}
{"level":"error","msg":"service-admin-articles-GetArticleDetail-error1:record not found","time":"2020-03-06T23:13:34+08:00"}
{"level":"error","msg":"service-admin-articles-GetArticleDetail-error1:record not found","time":"2020-03-06T23:13:37+08:00"}
{"level":"error","msg":"service-admin-articles-GetArticleDetail-error1:record not found","time":"2020-03-06T23:13:39+08:00"}
{"level":"error","msg":"service-admin-articles-GetArticleDetail-error1:record not found","time":"2020-03-06T23:13:41+08:00"}
{"level":"error","msg":"service-admin-articles-GetArticleDetail-error1:record not found","time":"2020-03-06T23:13:43+08:00"}
{"level":"error","msg":"service-admin-articles-GetArticleDetail-error1:record not found","time":"2020-03-06T23:13:47+08:00"}
{"level":"error","msg":"service-admin-articles-GetArticleDetail-error1:record not found","time":"2020-03-06T23:13:49+08:00"}
{"level":"error","msg":"service-admin-articles-GetArticleDetail-error1:record not found","time":"2020-03-06T23:13:51+08:00"}
{"level":"error","msg":"service-admin-articles-GetArticleDetail-error1:record not found","time":"2020-03-06T23:13:54+08:00"}
{"level":"error","msg":"service-admin-articles-GetArticleDetail-error1:record not found","time":"2020-03-06T23:13:56+08:00"}
{"level":"error","msg":"service-admin-articles-GetArticleDetail-error1:record not found","time":"2020-03-06T23:13:58+08:00"}
{"level":"error","msg":"service-admin-articles-GetArticleDetail-error1:record not found","time":"2020-03-06T23:14:01+08:00"}
{"level":"error","msg":"service-admin-articles-GetArticleDetail-error1:record not found","time":"2020-03-06T23:15:39+08:00"}
{"level":"error","msg":"service-admin-articles-GetArticleDetail-error1:record not found","time":"2020-03-06T23:15:39+08:00"}
{"level":"error","msg":"service-admin-articles-GetArticleDetail-error1:record not found","time":"2020-03-06T23:15:40+08:00"}
{"level":"error","msg":"service-admin-articles-GetArticleDetail-error1:record not found","time":"2020-03-06T23:15:41+08:00"}
{"level":"error","msg":"service-admin-articles-GetArticleDetail-error1:record not found","time":"2020-03-06T23:15:41+08:00"}
{"level":"error","msg":"service-admin-articles-GetArticleDetail-error1:record not found","time":"2020-03-06T23:15:42+08:00"}
{"level":"error","msg":"service-admin-articles-GetArticleDetail-error1:record not found","time":"2020-03-06T23:15:42+08:00"}
{"level":"error","msg":"service-admin-articles-GetArticleDetail-error1:record not found","time":"2020-03-06T23:15:43+08:00"}
{"level":"error","msg":"service-admin-articles-GetArticleDetail-error1:record not found","time":"2020-03-06T23:15:43+08:00"}
{"level":"error","msg":"service-admin-articles-GetArticleDetail-error1:record not found","time":"2020-03-06T23:15:44+08:00"}
{"level":"error","msg":"service-admin-articles-GetArticleDetail-error1:record not found","time":"2020-03-06T23:15:44+08:00"}
{"level":"error","msg":"service-admin-articles-GetArticleDetail-error1:record not found","time":"2020-03-06T23:15:45+08:00"}
{"level":"error","msg":"service-admin-articles-GetArticleDetail-error1:record not found","time":"2020-03-06T23:15:45+08:00"}
{"level":"error","msg":"service-admin-articles-GetArticleDetail-error1:record not found","time":"2020-03-06T23:15:46+08:00"}
{"level":"error","msg":"service-admin-articles-GetArticleDetail-error1:record not found","time":"2020-03-06T23:15:46+08:00"}
{"level":"error","msg":"service-admin-articles-GetArticleDetail-error1:record not found","time":"2020-03-06T23:15:47+08:00"}
{"level":"error","msg":"service-admin-articles-GetArticleDetail-error1:record not found","time":"2020-03-06T23:15:47+08:00"}
{"level":"error","msg":"service-admin-articles-GetArticleDetail-error1:record not found","time":"2020-03-06T23:15:48+08:00"}
{"level":"error","msg":"service-admin-articles-GetArticleDetail-error1:record not found","time":"2020-03-06T23:15:48+08:00"}
{"level":"error","msg":"service-admin-articles-GetArticleDetail-error1:record not found","time":"2020-03-06T23:15:49+08:00"}
{"level":"error","msg":"service-admin-articles-GetArticleDetail-error1:record not found","time":"2020-03-06T23:15:49+08:00"}
{"level":"error","msg":"service-admin-articles-GetArticleDetail-error1:record not found","time":"2020-03-06T23:15:50+08:00"}
{"level":"error","msg":"service-admin-articles-GetArticleDetail-error1:record not found","time":"2020-03-06T23:15:50+08:00"}
{"level":"error","msg":"service-admin-articles-GetArticleDetail-error1:record not found","time":"2020-03-06T23:15:51+08:00"}
{"level":"error","msg":"service-admin-articles-GetArticleDetail-error1:record not found","time":"2020-03-06T23:15:51+08:00"}
{"level":"error","msg":"service-admin-articles-GetArticleDetail-error1:record not found","time":"2020-03-06T23:15:52+08:00"}
{"level":"error","msg":"service-admin-articles-GetArticleDetail-error1:record not found","time":"2020-03-06T23:15:52+08:00"}
{"level":"error","msg":"service-admin-articles-GetArticleDetail-error1:record not found","time":"2020-03-06T23:15:53+08:00"}
{"level":"error","msg":"service-admin-articles-GetArticleDetail-error1:record not found","time":"2020-03-06T23:15:53+08:00"}
{"level":"error","msg":"service-admin-articles-GetArticleDetail-error1:record not found","time":"2020-03-06T23:15:54+08:00"}
{"level":"error","msg":"service-admin-articles-GetArticleDetail-error1:record not found","time":"2020-03-06T23:15:54+08:00"}
{"level":"error","msg":"service-admin-articles-GetArticleDetail-error1:record not found","time":"2020-03-06T23:15:55+08:00"}
{"level":"error","msg":"service-admin-articles-GetArticleDetail-error1:record not found","time":"2020-03-06T23:15:55+08:00"}
{"level":"error","msg":"service-admin-articles-GetArticleDetail-error1:record not found","time":"2020-03-06T23:15:56+08:00"}
{"level":"error","msg":"service-admin-articles-GetArticleDetail-error1:record not found","time":"2020-03-06T23:15:56+08:00"}
{"level":"error","msg":"service-admin-articles-GetArticleDetail-error1:record not found","time":"2020-03-06T23:15:57+08:00"}
{"level":"error","msg":"service-admin-articles-GetArticleDetail-error1:record not found","time":"2020-03-06T23:15:57+08:00"}
{"level":"error","msg":"service-admin-articles-GetArticleDetail-error1:record not found","time":"2020-03-06T23:15:58+08:00"}
{"level":"error","msg":"service-admin-articles-GetArticleDetail-error1:record not found","time":"2020-03-06T23:15:59+08:00"}
{"level":"error","msg":"service-admin-articles-GetArticleDetail-error1:record not found","time":"2020-03-06T23:15:59+08:00"}
{"level":"error","msg":"service-admin-articles-GetArticleDetail-error1:record not found","time":"2020-03-06T23:16:00+08:00"}
{"level":"error","msg":"service-admin-articles-GetArticleDetail-error1:record not found","time":"2020-03-06T23:16:00+08:00"}
{"level":"error","msg":"service-admin-articles-GetArticleDetail-error1:record not found","time":"2020-03-06T23:16:01+08:00"}
{"level":"error","msg":"service-admin-articles-GetArticleDetail-error1:record not found","time":"2020-03-06T23:16:01+08:00"}
{"level":"error","msg":"service-admin-articles-GetArticleDetail-error1:record not found","time":"2020-03-06T23:16:02+08:00"}
{"level":"error","msg":"service-admin-articles-GetArticleDetail-error1:record not found","time":"2020-03-06T23:16:02+08:00"}
{"level":"error","msg":"service-admin-articles-GetArticleDetail-error1:record not found","time":"2020-03-06T23:16:03+08:00"}
{"level":"error","msg":"service-admin-articles-GetArticleDetail-error1:record not found","time":"2020-03-06T23:16:03+08:00"}
{"level":"error","msg":"service-admin-articles-GetArticleDetail-error1:record not found","time":"2020-03-06T23:16:04+08:00"}
{"level":"error","msg":"service-admin-articles-GetArticleDetail-error1:record not found","time":"2020-03-06T23:16:05+08:00"}
{"level":"error","msg":"service-admin-articles-GetArticleDetail-error1:record not found","time":"2020-03-06T23:16:06+08:00"}
{"level":"error","msg":"service-admin-articles-GetArticleDetail-error1:record not found","time":"2020-03-06T23:16:06+08:00"}
{"level":"error","msg":"service-admin-articles-GetArticleDetail-error1:record not found","time":"2020-03-06T23:16:07+08:00"}
{"level":"error","msg":"service-admin-articles-GetArticleDetail-error1:record not found","time":"2020-03-06T23:16:07+08:00"}
{"level":"error","msg":"service-admin-articles-GetArticleDetail-error1:record not found","time":"2020-03-06T23:16:08+08:00"}
{"level":"error","msg":"service-admin-articles-GetArticleDetail-error1:record not found","time":"2020-03-06T23:16:08+08:00"}
{"level":"error","msg":"service-admin-articles-GetArticleDetail-error1:record not found","time":"2020-03-06T23:16:09+08:00"}
{"level":"error","msg":"service-admin-articles-GetArticleDetail-error1:record not found","time":"2020-03-06T23:16:09+08:00"}
{"level":"error","msg":"service-admin-articles-GetArticleDetail-error1:record not found","time":"2020-03-06T23:16:10+08:00"}
{"level":"error","msg":"service-admin-articles-GetArticleDetail-error1:record not found","time":"2020-03-06T23:16:10+08:00"}
{"level":"error","msg":"service-admin-articles-GetArticleDetail-error1:record not found","time":"2020-03-06T23:16:11+08:00"}
{"level":"error","msg":"service-admin-articles-GetArticleDetail-error1:record not found","time":"2020-03-06T23:16:11+08:00"}
{"level":"error","msg":"service-admin-articles-GetArticleDetail-error1:record not found","time":"2020-03-06T23:16:12+08:00"}
{"level":"error","msg":"service-admin-articles-GetArticleDetail-error1:record not found","time":"2020-03-06T23:16:12+08:00"}
{"level":"error","msg":"service-admin-articles-GetArticleDetail-error1:record not found","time":"2020-03-06T23:16:13+08:00"}
{"level":"error","msg":"service-admin-articles-GetArticleDetail-error1:record not found","time":"2020-03-06T23:16:13+08:00"}
{"level":"error","msg":"service-admin-articles-GetArticleDetail-error1:record not found","time":"2020-03-06T23:16:14+08:00"}
{"level":"error","msg":"service-admin-articles-GetArticleDetail-error1:record not found","time":"2020-03-06T23:16:14+08:00"}
{"level":"error","msg":"service-admin-articles-GetArticleDetail-error1:record not found","time":"2020-03-06T23:16:15+08:00"}
{"level":"error","msg":"service-admin-articles-GetArticleDetail-error1:record not found","time":"2020-03-06T23:16:15+08:00"}
{"level":"error","msg":"service-admin-articles-GetArticleDetail-error1:record not found","time":"2020-03-06T23:16:16+08:00"}
{"level":"error","msg":"service-admin-articles-GetArticleDetail-error1:record not found","time":"2020-03-06T23:16:16+08:00"}
{"level":"error","msg":"service-admin-articles-GetArticleDetail-error1:record not found","time":"2020-03-06T23:16:17+08:00"}
{"level":"error","msg":"service-admin-articles-GetArticleDetail-error1:record not found","time":"2020-03-06T23:16:17+08:00"}
{"level":"error","msg":"service-admin-articles-GetArticleDetail-error1:record not found","time":"2020-03-06T23:16:18+08:00"}
{"level":"error","msg":"service-admin-articles-GetArticleDetail-error1:record not found","time":"2020-03-06T23:16:18+08:00"}
{"level":"error","msg":"service-admin-articles-GetArticleDetail-error1:record not found","time":"2020-03-06T23:16:19+08:00"}
{"level":"error","msg":"service-admin-articles-GetArticleDetail-error1:record not found","time":"2020-03-06T23:16:19+08:00"}
{"level":"error","msg":"service-admin-articles-GetArticleDetail-error1:record not found","time":"2020-03-06T23:16:20+08:00"}
{"level":"error","msg":"service-admin-articles-GetArticleDetail-error1:record not found","time":"2020-03-06T23:16:20+08:00"}
{"level":"error","msg":"service-admin-articles-GetArticleDetail-error1:record not found","time":"2020-03-06T23:16:21+08:00"}
{"level":"error","msg":"service-admin-articles-GetArticleDetail-error1:record not found","time":"2020-03-06T23:16:21+08:00"}
{"level":"error","msg":"service-admin-articles-GetArticleDetail-error1:record not found","time":"2020-03-06T23:16:22+08:00"}
{"level":"error","msg":"service-admin-articles-GetArticleDetail-error1:record not found","time":"2020-03-06T23:16:23+08:00"}
{"level":"error","msg":"service-admin-articles-GetArticleDetail-error1:record not found","time":"2020-03-06T23:16:23+08:00"}
{"level":"error","msg":"service-admin-articles-GetArticleDetail-error1:record not found","time":"2020-03-06T23:16:24+08:00"}
{"level":"error","msg":"service-admin-articles-GetArticleDetail-error1:record not found","time":"2020-03-06T23:16:24+08:00"}
{"level":"error","msg":"service-admin-articles-GetArticleDetail-error1:record not found","time":"2020-03-06T23:16:25+08:00"}
{"level":"error","msg":"service-admin-articles-GetArticleDetail-error1:record not found","time":"2020-03-06T23:16:25+08:00"}
{"level":"error","msg":"service-admin-articles-GetArticleDetail-error1:record not found","time":"2020-03-06T23:16:26+08:00"}
{"level":"error","msg":"service-admin-articles-GetArticleDetail-error1:record not found","time":"2020-03-06T23:16:26+08:00"}
{"level":"error","msg":"service-admin-articles-GetArticleDetail-error1:record not found","time":"2020-03-06T23:16:27+08:00"}
{"level":"error","msg":"service-admin-articles-GetArticleDetail-error1:record not found","time":"2020-03-06T23:16:27+08:00"}
{"level":"error","msg":"service-admin-articles-GetArticleDetail-error1:record not found","time":"2020-03-06T23:16:28+08:00"}
{"level":"error","msg":"service-admin-articles-GetArticleDetail-error1:record not found","time":"2020-03-06T23:16:28+08:00"}
{"level":"error","msg":"service-admin-articles-GetArticleDetail-error1:record not found","time":"2020-03-06T23:16:29+08:00"}
{"level":"error","msg":"service-admin-articles-GetArticleDetail-error1:record not found","time":"2020-03-06T23:16:29+08:00"}
{"level":"error","msg":"service-admin-articles-GetArticleDetail-error1:record not found","time":"2020-03-06T23:16:30+08:00"}
{"level":"error","msg":"service-admin-articles-GetArticleDetail-error1:record not found","time":"2020-03-06T23:16:30+08:00"}
{"level":"error","msg":"service-admin-articles-GetArticleDetail-error1:record not found","time":"2020-03-06T23:16:31+08:00"}
{"level":"error","msg":"AddAccessLog-error:先凑活用的 接入日志记录的错误返回","time":"2020-03-06T23:43:25+08:00"}
{"level":"error","msg":"mysql connect error:Error 1045: Access denied for user 'root'@'123.139.45.204' (using password: NO)mysql","time":"2020-03-06T23:43:25+08:00"}
{"level":"error","msg":"AddAccessLog-error:先凑活用的 接入日志记录的错误返回","time":"2020-03-06T23:46:21+08:00"}
{"level":"error","msg":"AddAccessLog-error:先凑活用的 接入日志记录的错误返回","time":"2020-03-06T23:47:22+08:00"}
{"level":"error","msg":"AddAccessLog-error:先凑活用的 接入日志记录的错误返回","time":"2020-03-06T23:47:26+08:00"}
{"level":"error","msg":"AddAccessLog-error:先凑活用的 接入日志记录的错误返回","time":"2020-03-06T23:47:27+08:00"}
{"level":"error","msg":"AddAccessLog-error:先凑活用的 接入日志记录的错误返回","time":"2020-03-06T23:53:31+08:00"}
{"level":"error","msg":"AddAccessLog-error:先凑活用的 接入日志记录的错误返回","time":"2020-03-06T23:53:32+08:00"}
{"level":"error","msg":"AddAccessLog-error:先凑活用的 接入日志记录的错误返回","time":"2020-03-06T23:53:33+08:00"}
