{"level":"info","msg":"service-admin-login-admin:{1 admin 123456 1 0  2020-03-06 00:16:55 2020-03-06 13:26:12}","time":"2020-03-06T15:24:30+08:00"}
{"level":"info","msg":"service-admin-login-服务端密码:123456","time":"2020-03-06T15:24:30+08:00"}
{"level":"info","msg":"service-admin-login-客户端密码:21232f297a57a5a743894a0e4a801fc3","time":"2020-03-06T15:24:30+08:00"}
{"level":"info","msg":"service-admin-login-admin:{1 admin 123456 1 0  2020-03-06 00:16:55 2020-03-06 13:26:12}","time":"2020-03-06T15:24:44+08:00"}
{"level":"info","msg":"service-admin-login-服务端密码:123456","time":"2020-03-06T15:24:44+08:00"}
{"level":"info","msg":"service-admin-login-客户端密码:e10adc3949ba59abbe56e057f20f883e","time":"2020-03-06T15:24:44+08:00"}
{"level":"info","msg":"service-admin-login-admin:{1 admin 123456 1 0  2020-03-06 00:16:55 2020-03-06 13:26:12}","time":"2020-03-06T15:25:54+08:00"}
{"level":"info","msg":"service-admin-login-服务端密码:123456","time":"2020-03-06T15:25:54+08:00"}
{"level":"info","msg":"service-admin-login-客户端密码:e10adc3949ba59abbe56e057f20f883e","time":"2020-03-06T15:25:54+08:00"}
{"level":"info","msg":"service-admin-login-admin:{1 admin 123456 1 0  2020-03-06 00:16:55 2020-03-06 13:26:12}","time":"2020-03-06T15:25:57+08:00"}
{"level":"info","msg":"service-admin-login-服务端密码:123456","time":"2020-03-06T15:25:57+08:00"}
{"level":"info","msg":"service-admin-login-客户端密码:e10adc3949ba59abbe56e057f20f883e","time":"2020-03-06T15:25:57+08:00"}
{"level":"info","msg":"service-admin-login-admin:{1 admin e10adc3949ba59abbe56e057f20f883e  1 0  2020-03-06 00:16:55 2020-03-06 15:26:06}","time":"2020-03-06T15:26:15+08:00"}
{"level":"info","msg":"service-admin-login-服务端密码:e10adc3949ba59abbe56e057f20f883e ","time":"2020-03-06T15:26:15+08:00"}
{"level":"info","msg":"service-admin-login-客户端密码:e10adc3949ba59abbe56e057f20f883e","time":"2020-03-06T15:26:15+08:00"}
{"level":"info","msg":"service-admin-login-admin:{1 admin e10adc3949ba59abbe56e057f20f883e  1 0  2020-03-06 00:16:55 2020-03-06 15:26:06}","time":"2020-03-06T15:27:48+08:00"}
{"level":"info","msg":"service-admin-login-服务端密码:e10adc3949ba59abbe56e057f20f883e ","time":"2020-03-06T15:27:48+08:00"}
{"level":"info","msg":"service-admin-login-客户端密码:e10adc3949ba59abbe56e057f20f883e","time":"2020-03-06T15:27:48+08:00"}
{"level":"info","msg":"service-admin-login-admin:{1 admin e10adc3949ba59abbe56e057f20f883e  1 0  2020-03-06 00:16:55 2020-03-06 15:26:06}","time":"2020-03-06T15:28:26+08:00"}
{"level":"info","msg":"service-admin-login-服务端密码:e10adc3949ba59abbe56e057f20f883e ","time":"2020-03-06T15:28:26+08:00"}
{"level":"info","msg":"service-admin-login-客户端密码:e10adc3949ba59abbe56e057f20f883e","time":"2020-03-06T15:28:26+08:00"}
{"level":"info","msg":"service-admin-login-admin:{1 admin e10adc3949ba59abbe56e057f20f883e  1 0  2020-03-06 00:16:55 2020-03-06 15:26:06}","time":"2020-03-06T15:46:28+08:00"}
{"level":"info","msg":"service-admin-login-服务端密码:e10adc3949ba59abbe56e057f20f883e ","time":"2020-03-06T15:46:28+08:00"}
{"level":"info","msg":"service-admin-login-客户端密码:e10adc3949ba59abbe56e057f20f883e","time":"2020-03-06T15:46:28+08:00"}
{"level":"info","msg":"service-admin-login-admin:{1 admin e10adc3949ba59abbe56e057f20f883e  1 0  2020-03-06 00:16:55 2020-03-06 15:26:06}","time":"2020-03-06T15:47:15+08:00"}
{"level":"info","msg":"service-admin-login-服务端密码:e10adc3949ba59abbe56e057f20f883e ","time":"2020-03-06T15:47:15+08:00"}
{"level":"info","msg":"service-admin-login-客户端密码:e10adc3949ba59abbe56e057f20f883e","time":"2020-03-06T15:47:15+08:00"}
{"level":"info","msg":"service-admin-login-admin:{1 admin e10adc3949ba59abbe56e057f20f883e  1 0  2020-03-06 00:16:55 2020-03-06 15:26:06}","time":"2020-03-06T15:50:54+08:00"}
{"level":"info","msg":"service-admin-login-服务端密码:e10adc3949ba59abbe56e057f20f883e ","time":"2020-03-06T15:50:54+08:00"}
{"level":"info","msg":"service-admin-login-客户端密码:e10adc3949ba59abbe56e057f20f883e","time":"2020-03-06T15:50:54+08:00"}
{"level":"info","msg":"service-admin-login-admin:{1 admin e10adc3949ba59abbe56e057f20f883e  1 0  2020-03-06 00:16:55 2020-03-06 15:26:06}","time":"2020-03-06T16:01:26+08:00"}
{"level":"info","msg":"service-admin-login-服务端密码:e10adc3949ba59abbe56e057f20f883e ","time":"2020-03-06T16:01:26+08:00"}
{"level":"info","msg":"service-admin-login-客户端密码:e10adc3949ba59abbe56e057f20f883e","time":"2020-03-06T16:01:26+08:00"}
{"level":"info","msg":"service-admin-login-admin:{1 admin e10adc3949ba59abbe56e057f20f883e  1 0  2020-03-06 00:16:55 2020-03-06 15:26:06}","time":"2020-03-06T16:01:52+08:00"}
{"level":"info","msg":"service-admin-login-服务端密码:e10adc3949ba59abbe56e057f20f883e ","time":"2020-03-06T16:01:52+08:00"}
{"level":"info","msg":"service-admin-login-客户端密码:e10adc3949ba59abbe56e057f20f883e","time":"2020-03-06T16:01:52+08:00"}
{"level":"info","msg":"service-admin-login-admin:{1 admin 123456 1 0  2020-03-06 00:16:55 2020-03-06 16:03:37}","time":"2020-03-06T16:04:44+08:00"}
{"level":"info","msg":"service-admin-login-服务端密码:123456","time":"2020-03-06T16:04:44+08:00"}
{"level":"info","msg":"service-admin-login-客户端密码:9cf6f9edb58e7f3dadc1f65fdbe58b7a","time":"2020-03-06T16:04:44+08:00"}
{"level":"info","msg":"Articles-Add-Params:{\"title\":\"\",\"cateID\":0,\"description\":\"\",\"keywords\":\"\",\"contents\":\"\",\"img_path\":\"\",\"publish_time\":\"\",\"show_type\":0,\"status\":0}","time":"2020-03-06T17:09:35+08:00"}
{"level":"info","msg":"Articles-Add-Params:{\"title\":\"测试文章100\",\"cateID\":0,\"description\":\"测试文章-description\",\"keywords\":\"测试文章-keyword\",\"contents\":\"测试文章-content\",\"img_path\":\"\",\"publish_time\":\"\",\"show_type\":0,\"status\":0}","time":"2020-03-06T17:12:41+08:00"}
{"level":"info","msg":"ctrller-admin-articles-Add-error1:json: cannot unmarshal string into Go struct field AddParams.cateID of type int","time":"2020-03-06T17:12:41+08:00"}
{"level":"info","msg":"Articles-Add-Params:{\"title\":\"测试文章100\",\"cateID\":1,\"description\":\"测试文章-description\",\"keywords\":\"测试文章-keyword\",\"contents\":\"测试文章-content\",\"img_path\":\"\",\"publish_time\":\"\",\"show_type\":0,\"status\":0}","time":"2020-03-06T17:13:06+08:00"}
{"level":"info","msg":"Articles-Add-Params:{\"title\":\"测试文章100\",\"cateID\":1,\"description\":\"测试文章-description\",\"keywords\":\"测试文章-keyword\",\"contents\":\"测试文章-content\",\"img_path\":\"\",\"publish_time\":\"\",\"show_type\":0,\"status\":0}","time":"2020-03-06T17:13:39+08:00"}
{"level":"info","msg":"Articles-Add-Params:{\"title\":\"测试文章100\",\"cateID\":1,\"description\":\"测试文章-description\",\"keywords\":\"测试文章-keyword\",\"contents\":\"测试文章-content\",\"img_path\":\"\",\"publish_time\":\"\",\"show_type\":0,\"status\":0}","time":"2020-03-06T17:14:34+08:00"}
{"level":"info","msg":"Articles-Add-Params:{\"title\":\"测试文章100\",\"cateID\":1,\"description\":\"测试文章-description\",\"keywords\":\"测试文章-keyword\",\"contents\":\"测试文章-content\",\"img_path\":\"\",\"publish_time\":\"\",\"show_type\":0,\"status\":0}","time":"2020-03-06T17:15:42+08:00"}
{"level":"info","msg":"Articles-Add-Params:{\"title\":\"测试文章100\",\"cateID\":1,\"description\":\"测试文章-description\",\"keywords\":\"测试文章-keyword\",\"contents\":\"测试文章-content\",\"img_path\":\"\",\"PublishTime\":\"2020-03-06 00:16:55\",\"show_type\":0,\"status\":0}","time":"2020-03-06T17:16:22+08:00"}
{"level":"info","msg":"Articles-Add-Params:{\"Title\":\"测试文章100\",\"CateID\":1,\"Description\":\"测试文章-description\",\"Keywords\":\"测试文章-keyword\",\"Contents\":\"测试文章-content\",\"ImgPath\":\"测试文章-imgpath\",\"PublishTime\":\"2020-03-06 00:16:55\",\"ShowType\":1,\"Status\":0}","time":"2020-03-06T17:17:06+08:00"}
{"level":"info","msg":"Articles-Add-Params:{\"Title\":\"测试文章100\",\"CateID\":1,\"Description\":\"测试文章-description\",\"Keywords\":\"测试文章-keyword\",\"Contents\":\"测试文章-content\",\"ImgPath\":\"测试文章-imgpath\",\"PublishTime\":\"2020-03-06 00:16:55\",\"ShowType\":1,\"Status\":1}","time":"2020-03-06T17:17:36+08:00"}
{"level":"info","msg":"Articles-Add-Params:{\"Title\":\"测试文章100\",\"CateID\":1,\"Description\":\"测试文章-description\",\"Keywords\":\"测试文章-keyword\",\"Contents\":\"测试文章-content\",\"ImgPath\":\"测试文章-imgpath\",\"PublishTime\":\"2020-03-06 00:16:55\",\"ShowType\":1,\"Status\":1}","time":"2020-03-06T17:17:56+08:00"}
{"level":"info","msg":"Articles-Add-Params:{\"Title\":\"测试文章100\",\"CateID\":1,\"Description\":\"测试文章-description\",\"Keywords\":\"测试文章-keyword\",\"Contents\":\"测试文章-content\",\"ImgPath\":\"测试文章-imgpath\",\"PublishTime\":\"2020-03-06 00:16:55\",\"ShowType\":1,\"Status\":1}","time":"2020-03-06T17:21:07+08:00"}
{"level":"info","msg":"Articles-Add-Params:{\"Title\":\"测试文章100\",\"CateID\":1,\"Description\":\"测试文章-description\",\"Keywords\":\"测试文章-keyword\",\"Contents\":\"测试文章-content\",\"ImgPath\":\"测试文章-imgpath\",\"PublishTime\":\"2020-03-06 00:16:55\",\"ShowType\":1,\"Status\":1}","time":"2020-03-06T17:22:33+08:00"}
{"level":"info","msg":"Articles-Add-Params:{\"Title\":\"测试文章100\",\"CateID\":1,\"Description\":\"测试文章-description\",\"Keywords\":\"测试文章-keyword\",\"Contents\":\"测试文章-content\",\"ImgPath\":\"测试文章-imgpath\",\"PublishTime\":\"2020-03-06 00:16:55\",\"ShowType\":1,\"Status\":1}","time":"2020-03-06T17:25:24+08:00"}
{"level":"info","msg":"Articles-Add-Params:{\"Title\":\"测试文章100\",\"CateID\":1,\"Description\":\"测试文章-description\",\"Keywords\":\"测试文章-keyword\",\"Contents\":\"测试文章-content\",\"ImgPath\":\"测试文章-imgpath\",\"PublishTime\":\"2020-03-06 00:16:55\",\"ShowType\":1,\"Status\":1}","time":"2020-03-06T17:26:17+08:00"}
{"level":"info","msg":"Articles-Add-Params:{\"Title\":\"测试文章100\",\"CateID\":1,\"Description\":\"测试文章-description\",\"Keywords\":\"测试文章-keyword\",\"Contents\":\"测试文章-content\",\"ImgPath\":\"测试文章-imgpath\",\"PublishTime\":\"2020-03-06 00:16:55\",\"ShowType\":1,\"Status\":1}","time":"2020-03-06T17:26:19+08:00"}
{"level":"info","msg":"Articles-Add-Params:{\"Title\":\"测试文章100\",\"CateID\":1,\"Description\":\"测试文章-description\",\"Keywords\":\"测试文章-keyword\",\"Contents\":\"测试文章-content\",\"ImgPath\":\"测试文章-imgpath\",\"PublishTime\":\"2020-03-06 00:16:55\",\"ShowType\":1,\"Status\":1}","time":"2020-03-06T17:28:57+08:00"}
{"level":"info","msg":"Articles-Add-Params:{\"Title\":\"测试文章100\",\"CateID\":1,\"Description\":\"测试文章-description\",\"Keywords\":\"测试文章-keyword\",\"Contents\":\"测试文章-content\",\"ImgPath\":\"测试文章-imgpath\",\"PublishTime\":\"2020-03-06 00:16:55\",\"ShowType\":1,\"Status\":1}","time":"2020-03-06T17:29:18+08:00"}
{"level":"info","msg":"Articles-Add-Params:{\"Title\":\"测试文章100\",\"CateID\":1,\"Description\":\"测试文章-description\",\"Keywords\":\"测试文章-keyword\",\"Contents\":\"测试文章-content\",\"ImgPath\":\"测试文章-imgpath\",\"PublishTime\":\"2020-03-06 00:16:55\",\"ShowType\":1,\"Status\":1}","time":"2020-03-06T17:29:19+08:00"}
{"level":"info","msg":"Articles-Add-Params:{\"Title\":\"测试文章100\",\"CateID\":1,\"Description\":\"测试文章-description\",\"Keywords\":\"测试文章-keyword\",\"Contents\":\"测试文章-content\",\"ImgPath\":\"测试文章-imgpath\",\"PublishTime\":\"2020-03-06 00:16:55\",\"ShowType\":1,\"Status\":1}","time":"2020-03-06T17:29:20+08:00"}
{"level":"info","msg":"Articles-Add-Params:{\"Title\":\"测试文章100\",\"CateID\":1,\"Description\":\"测试文章-description\",\"Keywords\":\"测试文章-keyword\",\"Contents\":\"测试文章-content\",\"ImgPath\":\"测试文章-imgpath\",\"PublishTime\":\"2020-03-06 00:16:55\",\"ShowType\":1,\"Status\":1}","time":"2020-03-06T17:29:21+08:00"}
{"level":"info","msg":"Articles-Add-Params:{\"Title\":\"测试文章100\",\"CateID\":1,\"Description\":\"测试文章-description\",\"Keywords\":\"测试文章-keyword\",\"Contents\":\"测试文章-content\",\"ImgPath\":\"测试文章-imgpath\",\"PublishTime\":\"2020-03-06 00:16:55\",\"ShowType\":1,\"Status\":1}","time":"2020-03-06T17:29:22+08:00"}
{"level":"info","msg":"Articles-Update-Params:{\"Title\":\"测试文章100\",\"CateID\":1,\"Description\":\"测试文章-description\",\"Keywords\":\"测试文章-keyword\",\"Contents\":\"测试文章-content\",\"ImgPath\":\"测试文章-imgpath\",\"PublishTime\":\"2020-03-06 00:16:55\",\"ShowType\":0,\"Status\":0}","time":"2020-03-06T17:57:07+08:00"}
{"level":"info","msg":"ctrller-admin-articles-Update-error2:json: cannot unmarshal string into Go struct field AddParams.ShowType of type int","time":"2020-03-06T17:57:07+08:00"}
{"level":"info","msg":"Articles-Update-Params:{\"Title\":\"测试文章100\",\"CateID\":1,\"Description\":\"测试文章-description\",\"Keywords\":\"测试文章-keyword\",\"Contents\":\"测试文章-content\",\"ImgPath\":\"测试文章-imgpath\",\"PublishTime\":\"2020-03-06 00:16:55\",\"ShowType\":0,\"Status\":0}","time":"2020-03-06T17:57:14+08:00"}
{"level":"info","msg":"ctrller-admin-articles-Update-error2:json: cannot unmarshal string into Go struct field AddParams.ShowType of type int","time":"2020-03-06T17:57:14+08:00"}
{"level":"info","msg":"Articles-Update-Params:{\"Title\":\"测试文章100\",\"CateID\":1,\"Description\":\"测试文章-description\",\"Keywords\":\"测试文章-keyword\",\"Contents\":\"测试文章-content\",\"ImgPath\":\"测试文章-imgpath\",\"PublishTime\":\"2020-03-06 00:16:55\",\"ShowType\":1,\"Status\":0}","time":"2020-03-06T17:57:49+08:00"}
{"level":"info","msg":"Articles-Update-Params:{\"Title\":\"测试文章100\",\"CateID\":1,\"Description\":\"测试文章-description\",\"Keywords\":\"测试文章-keyword\",\"Contents\":\"测试文章-content\",\"ImgPath\":\"测试文章-imgpath\",\"PublishTime\":\"2020-03-06 00:16:55\",\"ShowType\":1,\"Status\":1}","time":"2020-03-06T17:58:10+08:00"}
{"level":"info","msg":"Articles-Update-Params:{\"Title\":\"测试文章100\",\"CateID\":1,\"Description\":\"测试文章-description\",\"Keywords\":\"测试文章-keyword\",\"Contents\":\"测试文章-content\",\"ImgPath\":\"测试文章-imgpath\",\"PublishTime\":\"2020-03-06 00:16:55\",\"ShowType\":1,\"Status\":1}","time":"2020-03-06T18:00:20+08:00"}
{"level":"info","msg":"Articles-Update-Params:{\"Title\":\"测试文章100\",\"CateID\":1,\"Description\":\"测试文章-description\",\"Keywords\":\"测试文章-keyword\",\"Contents\":\"测试文章-content\",\"ImgPath\":\"测试文章-imgpath\",\"PublishTime\":\"2020-03-06 00:16:55\",\"ShowType\":1,\"Status\":1}","time":"2020-03-06T18:00:26+08:00"}
{"level":"info","msg":"Articles-Update-Params:{\"Title\":\"测试文章100\",\"CateID\":1,\"Description\":\"测试文章-description\",\"Keywords\":\"测试文章-keyword\",\"Contents\":\"测试文章-content\",\"ImgPath\":\"测试文章-imgpath\",\"PublishTime\":\"2020-03-06 00:16:55\",\"ShowType\":1,\"Status\":1}","time":"2020-03-06T18:00:36+08:00"}
{"level":"info","msg":"Articles-Update-Params:{\"Title\":\"测试文章100\",\"CateID\":1,\"Description\":\"测试文章-description\",\"Keywords\":\"测试文章-keyword\",\"Contents\":\"测试文章-content\",\"ImgPath\":\"测试文章-imgpath\",\"PublishTime\":\"2020-03-06 00:16:55\",\"ShowType\":1,\"Status\":1}","time":"2020-03-06T18:01:38+08:00"}
{"level":"info","msg":"Articles-Update-Params:{\"Title\":\"测试文章100\",\"CateID\":1,\"Description\":\"测试文章-description\",\"Keywords\":\"测试文章-keyword\",\"Contents\":\"测试文章-content\",\"ImgPath\":\"测试文章-imgpath\",\"PublishTime\":\"2020-03-06 00:16:55\",\"ShowType\":1,\"Status\":1}","time":"2020-03-06T18:02:08+08:00"}
{"level":"info","msg":"Articles-Update-Params:{\"Title\":\"测试文章100\",\"CateID\":1,\"Description\":\"测试文章-description\",\"Keywords\":\"测试文章-keyword\",\"Contents\":\"测试文章-content\",\"ImgPath\":\"测试文章-imgpath\",\"PublishTime\":\"2020-03-06 00:16:55\",\"ShowType\":1,\"Status\":1}","time":"2020-03-06T18:02:16+08:00"}
{"level":"info","msg":"Articles-Update-Params:{\"Title\":\"测试文章100\",\"CateID\":1,\"Description\":\"测试文章-description\",\"Keywords\":\"测试文章-keyword\",\"Contents\":\"测试文章-content\",\"ImgPath\":\"测试文章-imgpath\",\"PublishTime\":\"2020-03-06 00:16:55\",\"ShowType\":1,\"Status\":1}","time":"2020-03-06T18:02:18+08:00"}
{"level":"info","msg":"Articles-Update-Params:{\"Title\":\"测试文章100\",\"CateID\":1,\"Description\":\"测试文章-description\",\"Keywords\":\"测试文章-keyword\",\"Contents\":\"测试文章-content\",\"ImgPath\":\"测试文章-imgpath\",\"PublishTime\":\"2020-03-06 00:16:55\",\"ShowType\":1,\"Status\":1}","time":"2020-03-06T18:02:25+08:00"}
{"level":"info","msg":"Articles-Update-Params:{\"Title\":\"测试文章100\",\"CateID\":1,\"Description\":\"测试文章-description\",\"Keywords\":\"测试文章-keyword\",\"Contents\":\"测试文章-content\",\"ImgPath\":\"测试文章-imgpath\",\"PublishTime\":\"2020-03-06 00:16:55\",\"ShowType\":1,\"Status\":1}","time":"2020-03-06T18:02:56+08:00"}
{"level":"info","msg":"Articles-Add-Params:{\"Title\":\"测试文章100\",\"CateID\":0,\"Description\":\"测试文章-description\",\"Keywords\":\"测试文章-keyword\",\"Contents\":\"测试文章-content\",\"ImgPath\":\"测试文章-imgpath\",\"PublishTime\":\"测试文章-发布时间\",\"ShowType\":0,\"Status\":0}","time":"2020-03-06T23:13:34+08:00"}
{"level":"info","msg":"ctrller-admin-articles-Add-error1:json: cannot unmarshal string into Go struct field AddParams.CateID of type int","time":"2020-03-06T23:13:34+08:00"}
{"level":"info","msg":"Articles-Add-Params:{\"Title\":\"测试文章100\",\"CateID\":1,\"Description\":\"测试文章-description\",\"Keywords\":\"测试文章-keyword\",\"Contents\":\"测试文章-content\",\"ImgPath\":\"测试文章-imgpath\",\"PublishTime\":\"2020-03-06 00:16:55\",\"ShowType\":1,\"Status\":1}","time":"2020-03-06T23:13:35+08:00"}
{"level":"info","msg":"Articles-Update-Params:{\"Title\":\"测试文章100\",\"CateID\":1,\"Description\":\"测试文章-description\",\"Keywords\":\"测试文章-keyword\",\"Contents\":\"测试文章-content\",\"ImgPath\":\"测试文章-imgpath\",\"PublishTime\":\"2020-03-06 00:16:55\",\"ShowType\":1,\"Status\":1}","time":"2020-03-06T23:13:35+08:00"}
{"level":"info","msg":"Articles-Add-Params:{\"Title\":\"测试文章100\",\"CateID\":0,\"Description\":\"测试文章-description\",\"Keywords\":\"测试文章-keyword\",\"Contents\":\"测试文章-content\",\"ImgPath\":\"测试文章-imgpath\",\"PublishTime\":\"测试文章-发布时间\",\"ShowType\":0,\"Status\":0}","time":"2020-03-06T23:13:37+08:00"}
{"level":"info","msg":"ctrller-admin-articles-Add-error1:json: cannot unmarshal string into Go struct field AddParams.CateID of type int","time":"2020-03-06T23:13:37+08:00"}
{"level":"info","msg":"Articles-Add-Params:{\"Title\":\"测试文章100\",\"CateID\":1,\"Description\":\"测试文章-description\",\"Keywords\":\"测试文章-keyword\",\"Contents\":\"测试文章-content\",\"ImgPath\":\"测试文章-imgpath\",\"PublishTime\":\"2020-03-06 00:16:55\",\"ShowType\":1,\"Status\":1}","time":"2020-03-06T23:13:37+08:00"}
{"level":"info","msg":"Articles-Update-Params:{\"Title\":\"测试文章100\",\"CateID\":1,\"Description\":\"测试文章-description\",\"Keywords\":\"测试文章-keyword\",\"Contents\":\"测试文章-content\",\"ImgPath\":\"测试文章-imgpath\",\"PublishTime\":\"2020-03-06 00:16:55\",\"ShowType\":1,\"Status\":1}","time":"2020-03-06T23:13:38+08:00"}
{"level":"info","msg":"Articles-Add-Params:{\"Title\":\"测试文章100\",\"CateID\":0,\"Description\":\"测试文章-description\",\"Keywords\":\"测试文章-keyword\",\"Contents\":\"测试文章-content\",\"ImgPath\":\"测试文章-imgpath\",\"PublishTime\":\"测试文章-发布时间\",\"ShowType\":0,\"Status\":0}","time":"2020-03-06T23:13:39+08:00"}
{"level":"info","msg":"ctrller-admin-articles-Add-error1:json: cannot unmarshal string into Go struct field AddParams.CateID of type int","time":"2020-03-06T23:13:39+08:00"}
{"level":"info","msg":"Articles-Add-Params:{\"Title\":\"测试文章100\",\"CateID\":1,\"Description\":\"测试文章-description\",\"Keywords\":\"测试文章-keyword\",\"Contents\":\"测试文章-content\",\"ImgPath\":\"测试文章-imgpath\",\"PublishTime\":\"2020-03-06 00:16:55\",\"ShowType\":1,\"Status\":1}","time":"2020-03-06T23:13:39+08:00"}
{"level":"info","msg":"Articles-Update-Params:{\"Title\":\"测试文章100\",\"CateID\":1,\"Description\":\"测试文章-description\",\"Keywords\":\"测试文章-keyword\",\"Contents\":\"测试文章-content\",\"ImgPath\":\"测试文章-imgpath\",\"PublishTime\":\"2020-03-06 00:16:55\",\"ShowType\":1,\"Status\":1}","time":"2020-03-06T23:13:40+08:00"}
{"level":"info","msg":"Articles-Add-Params:{\"Title\":\"测试文章100\",\"CateID\":0,\"Description\":\"测试文章-description\",\"Keywords\":\"测试文章-keyword\",\"Contents\":\"测试文章-content\",\"ImgPath\":\"测试文章-imgpath\",\"PublishTime\":\"测试文章-发布时间\",\"ShowType\":0,\"Status\":0}","time":"2020-03-06T23:13:41+08:00"}
{"level":"info","msg":"ctrller-admin-articles-Add-error1:json: cannot unmarshal string into Go struct field AddParams.CateID of type int","time":"2020-03-06T23:13:41+08:00"}
{"level":"info","msg":"Articles-Add-Params:{\"Title\":\"测试文章100\",\"CateID\":1,\"Description\":\"测试文章-description\",\"Keywords\":\"测试文章-keyword\",\"Contents\":\"测试文章-content\",\"ImgPath\":\"测试文章-imgpath\",\"PublishTime\":\"2020-03-06 00:16:55\",\"ShowType\":1,\"Status\":1}","time":"2020-03-06T23:13:42+08:00"}
{"level":"info","msg":"Articles-Update-Params:{\"Title\":\"测试文章100\",\"CateID\":1,\"Description\":\"测试文章-description\",\"Keywords\":\"测试文章-keyword\",\"Contents\":\"测试文章-content\",\"ImgPath\":\"测试文章-imgpath\",\"PublishTime\":\"2020-03-06 00:16:55\",\"ShowType\":1,\"Status\":1}","time":"2020-03-06T23:13:42+08:00"}
{"level":"info","msg":"Articles-Add-Params:{\"Title\":\"测试文章100\",\"CateID\":0,\"Description\":\"测试文章-description\",\"Keywords\":\"测试文章-keyword\",\"Contents\":\"测试文章-content\",\"ImgPath\":\"测试文章-imgpath\",\"PublishTime\":\"测试文章-发布时间\",\"ShowType\":0,\"Status\":0}","time":"2020-03-06T23:13:43+08:00"}
{"level":"info","msg":"ctrller-admin-articles-Add-error1:json: cannot unmarshal string into Go struct field AddParams.CateID of type int","time":"2020-03-06T23:13:43+08:00"}
{"level":"info","msg":"Articles-Add-Params:{\"Title\":\"测试文章100\",\"CateID\":1,\"Description\":\"测试文章-description\",\"Keywords\":\"测试文章-keyword\",\"Contents\":\"测试文章-content\",\"ImgPath\":\"测试文章-imgpath\",\"PublishTime\":\"2020-03-06 00:16:55\",\"ShowType\":1,\"Status\":1}","time":"2020-03-06T23:13:44+08:00"}
{"level":"info","msg":"Articles-Update-Params:{\"Title\":\"测试文章100\",\"CateID\":1,\"Description\":\"测试文章-description\",\"Keywords\":\"测试文章-keyword\",\"Contents\":\"测试文章-content\",\"ImgPath\":\"测试文章-imgpath\",\"PublishTime\":\"2020-03-06 00:16:55\",\"ShowType\":1,\"Status\":1}","time":"2020-03-06T23:13:45+08:00"}
{"level":"info","msg":"Articles-Add-Params:{\"Title\":\"测试文章100\",\"CateID\":0,\"Description\":\"测试文章-description\",\"Keywords\":\"测试文章-keyword\",\"Contents\":\"测试文章-content\",\"ImgPath\":\"测试文章-imgpath\",\"PublishTime\":\"测试文章-发布时间\",\"ShowType\":0,\"Status\":0}","time":"2020-03-06T23:13:47+08:00"}
{"level":"info","msg":"ctrller-admin-articles-Add-error1:json: cannot unmarshal string into Go struct field AddParams.CateID of type int","time":"2020-03-06T23:13:47+08:00"}
{"level":"info","msg":"Articles-Add-Params:{\"Title\":\"测试文章100\",\"CateID\":1,\"Description\":\"测试文章-description\",\"Keywords\":\"测试文章-keyword\",\"Contents\":\"测试文章-content\",\"ImgPath\":\"测试文章-imgpath\",\"PublishTime\":\"2020-03-06 00:16:55\",\"ShowType\":1,\"Status\":1}","time":"2020-03-06T23:13:47+08:00"}
{"level":"info","msg":"Articles-Update-Params:{\"Title\":\"测试文章100\",\"CateID\":1,\"Description\":\"测试文章-description\",\"Keywords\":\"测试文章-keyword\",\"Contents\":\"测试文章-content\",\"ImgPath\":\"测试文章-imgpath\",\"PublishTime\":\"2020-03-06 00:16:55\",\"ShowType\":1,\"Status\":1}","time":"2020-03-06T23:13:48+08:00"}
{"level":"info","msg":"Articles-Add-Params:{\"Title\":\"测试文章100\",\"CateID\":0,\"Description\":\"测试文章-description\",\"Keywords\":\"测试文章-keyword\",\"Contents\":\"测试文章-content\",\"ImgPath\":\"测试文章-imgpath\",\"PublishTime\":\"测试文章-发布时间\",\"ShowType\":0,\"Status\":0}","time":"2020-03-06T23:13:49+08:00"}
{"level":"info","msg":"ctrller-admin-articles-Add-error1:json: cannot unmarshal string into Go struct field AddParams.CateID of type int","time":"2020-03-06T23:13:49+08:00"}
{"level":"info","msg":"Articles-Add-Params:{\"Title\":\"测试文章100\",\"CateID\":1,\"Description\":\"测试文章-description\",\"Keywords\":\"测试文章-keyword\",\"Contents\":\"测试文章-content\",\"ImgPath\":\"测试文章-imgpath\",\"PublishTime\":\"2020-03-06 00:16:55\",\"ShowType\":1,\"Status\":1}","time":"2020-03-06T23:13:49+08:00"}
{"level":"info","msg":"Articles-Update-Params:{\"Title\":\"测试文章100\",\"CateID\":1,\"Description\":\"测试文章-description\",\"Keywords\":\"测试文章-keyword\",\"Contents\":\"测试文章-content\",\"ImgPath\":\"测试文章-imgpath\",\"PublishTime\":\"2020-03-06 00:16:55\",\"ShowType\":1,\"Status\":1}","time":"2020-03-06T23:13:50+08:00"}
{"level":"info","msg":"Articles-Add-Params:{\"Title\":\"测试文章100\",\"CateID\":0,\"Description\":\"测试文章-description\",\"Keywords\":\"测试文章-keyword\",\"Contents\":\"测试文章-content\",\"ImgPath\":\"测试文章-imgpath\",\"PublishTime\":\"测试文章-发布时间\",\"ShowType\":0,\"Status\":0}","time":"2020-03-06T23:13:51+08:00"}
{"level":"info","msg":"ctrller-admin-articles-Add-error1:json: cannot unmarshal string into Go struct field AddParams.CateID of type int","time":"2020-03-06T23:13:51+08:00"}
{"level":"info","msg":"Articles-Add-Params:{\"Title\":\"测试文章100\",\"CateID\":1,\"Description\":\"测试文章-description\",\"Keywords\":\"测试文章-keyword\",\"Contents\":\"测试文章-content\",\"ImgPath\":\"测试文章-imgpath\",\"PublishTime\":\"2020-03-06 00:16:55\",\"ShowType\":1,\"Status\":1}","time":"2020-03-06T23:13:52+08:00"}
{"level":"info","msg":"Articles-Update-Params:{\"Title\":\"测试文章100\",\"CateID\":1,\"Description\":\"测试文章-description\",\"Keywords\":\"测试文章-keyword\",\"Contents\":\"测试文章-content\",\"ImgPath\":\"测试文章-imgpath\",\"PublishTime\":\"2020-03-06 00:16:55\",\"ShowType\":1,\"Status\":1}","time":"2020-03-06T23:13:52+08:00"}
{"level":"info","msg":"Articles-Add-Params:{\"Title\":\"测试文章100\",\"CateID\":0,\"Description\":\"测试文章-description\",\"Keywords\":\"测试文章-keyword\",\"Contents\":\"测试文章-content\",\"ImgPath\":\"测试文章-imgpath\",\"PublishTime\":\"测试文章-发布时间\",\"ShowType\":0,\"Status\":0}","time":"2020-03-06T23:13:54+08:00"}
{"level":"info","msg":"ctrller-admin-articles-Add-error1:json: cannot unmarshal string into Go struct field AddParams.CateID of type int","time":"2020-03-06T23:13:54+08:00"}
{"level":"info","msg":"Articles-Add-Params:{\"Title\":\"测试文章100\",\"CateID\":1,\"Description\":\"测试文章-description\",\"Keywords\":\"测试文章-keyword\",\"Contents\":\"测试文章-content\",\"ImgPath\":\"测试文章-imgpath\",\"PublishTime\":\"2020-03-06 00:16:55\",\"ShowType\":1,\"Status\":1}","time":"2020-03-06T23:13:54+08:00"}
{"level":"info","msg":"Articles-Update-Params:{\"Title\":\"测试文章100\",\"CateID\":1,\"Description\":\"测试文章-description\",\"Keywords\":\"测试文章-keyword\",\"Contents\":\"测试文章-content\",\"ImgPath\":\"测试文章-imgpath\",\"PublishTime\":\"2020-03-06 00:16:55\",\"ShowType\":1,\"Status\":1}","time":"2020-03-06T23:13:55+08:00"}
{"level":"info","msg":"Articles-Add-Params:{\"Title\":\"测试文章100\",\"CateID\":0,\"Description\":\"测试文章-description\",\"Keywords\":\"测试文章-keyword\",\"Contents\":\"测试文章-content\",\"ImgPath\":\"测试文章-imgpath\",\"PublishTime\":\"测试文章-发布时间\",\"ShowType\":0,\"Status\":0}","time":"2020-03-06T23:13:56+08:00"}
{"level":"info","msg":"ctrller-admin-articles-Add-error1:json: cannot unmarshal string into Go struct field AddParams.CateID of type int","time":"2020-03-06T23:13:56+08:00"}
{"level":"info","msg":"Articles-Add-Params:{\"Title\":\"测试文章100\",\"CateID\":1,\"Description\":\"测试文章-description\",\"Keywords\":\"测试文章-keyword\",\"Contents\":\"测试文章-content\",\"ImgPath\":\"测试文章-imgpath\",\"PublishTime\":\"2020-03-06 00:16:55\",\"ShowType\":1,\"Status\":1}","time":"2020-03-06T23:13:57+08:00"}
{"level":"info","msg":"Articles-Update-Params:{\"Title\":\"测试文章100\",\"CateID\":1,\"Description\":\"测试文章-description\",\"Keywords\":\"测试文章-keyword\",\"Contents\":\"测试文章-content\",\"ImgPath\":\"测试文章-imgpath\",\"PublishTime\":\"2020-03-06 00:16:55\",\"ShowType\":1,\"Status\":1}","time":"2020-03-06T23:13:57+08:00"}
{"level":"info","msg":"Articles-Add-Params:{\"Title\":\"测试文章100\",\"CateID\":0,\"Description\":\"测试文章-description\",\"Keywords\":\"测试文章-keyword\",\"Contents\":\"测试文章-content\",\"ImgPath\":\"测试文章-imgpath\",\"PublishTime\":\"测试文章-发布时间\",\"ShowType\":0,\"Status\":0}","time":"2020-03-06T23:13:58+08:00"}
{"level":"info","msg":"ctrller-admin-articles-Add-error1:json: cannot unmarshal string into Go struct field AddParams.CateID of type int","time":"2020-03-06T23:13:58+08:00"}
{"level":"info","msg":"Articles-Add-Params:{\"Title\":\"测试文章100\",\"CateID\":1,\"Description\":\"测试文章-description\",\"Keywords\":\"测试文章-keyword\",\"Contents\":\"测试文章-content\",\"ImgPath\":\"测试文章-imgpath\",\"PublishTime\":\"2020-03-06 00:16:55\",\"ShowType\":1,\"Status\":1}","time":"2020-03-06T23:13:59+08:00"}
{"level":"info","msg":"Articles-Update-Params:{\"Title\":\"测试文章100\",\"CateID\":1,\"Description\":\"测试文章-description\",\"Keywords\":\"测试文章-keyword\",\"Contents\":\"测试文章-content\",\"ImgPath\":\"测试文章-imgpath\",\"PublishTime\":\"2020-03-06 00:16:55\",\"ShowType\":1,\"Status\":1}","time":"2020-03-06T23:13:59+08:00"}
{"level":"info","msg":"Articles-Add-Params:{\"Title\":\"测试文章100\",\"CateID\":0,\"Description\":\"测试文章-description\",\"Keywords\":\"测试文章-keyword\",\"Contents\":\"测试文章-content\",\"ImgPath\":\"测试文章-imgpath\",\"PublishTime\":\"测试文章-发布时间\",\"ShowType\":0,\"Status\":0}","time":"2020-03-06T23:14:01+08:00"}
{"level":"info","msg":"ctrller-admin-articles-Add-error1:json: cannot unmarshal string into Go struct field AddParams.CateID of type int","time":"2020-03-06T23:14:01+08:00"}
{"level":"info","msg":"Articles-Add-Params:{\"Title\":\"测试文章100\",\"CateID\":1,\"Description\":\"测试文章-description\",\"Keywords\":\"测试文章-keyword\",\"Contents\":\"测试文章-content\",\"ImgPath\":\"测试文章-imgpath\",\"PublishTime\":\"2020-03-06 00:16:55\",\"ShowType\":1,\"Status\":1}","time":"2020-03-06T23:14:01+08:00"}
